MiB Mem :   1967,6 total,    327,5 free,    883,1 used,    757,0 buff/cache
MiB Swap:   2048,0 total,   1513,4 free,    534,6 used.    931,1 avail Mem 
   7738 vboxuser  20   0  169356 162304   3200 R 100,0   8,1   0:01.91 bash
   7737 vboxuser  20   0  192456 185600   3200 R 100,0   9,2   0:02.07 bash
   7738 vboxuser  20   0  184008 177024   3200 R 100,0   8,8   0:02.08 bash
      1 root      20   0  166932   6864   4560 S   0,0   0,3   0:02.13 systemd
      2 root      20   0       0      0      0 S   0,0   0,0   0:00.01 kthreadd
      3 root      20   0       0      0      0 S   0,0   0,0   0:00.00 pool_wo+
------
MiB Mem :   1967,6 total,    161,2 free,   1049,4 used,    757,0 buff/cache
MiB Swap:   2048,0 total,   1513,4 free,    534,6 used.    764,8 avail Mem 
   7738 vboxuser  20   0  256740 249728   3200 R 100,0  12,4   0:02.92 bash
   7737 vboxuser  20   0  283008 276096   3200 R 100,0  13,7   0:03.08 bash
   7738 vboxuser  20   0  271260 264192   3200 R 100,0  13,1   0:03.09 bash
   7767 vboxuser  20   0   13404   4096   3328 R   6,2   0,2   0:00.01 top
      1 root      20   0  166932   6864   4560 S   0,0   0,3   0:02.13 systemd
      2 root      20   0       0      0      0 S   0,0   0,0   0:00.01 kthreadd
------
MiB Mem :   1967,6 total,     55,5 free,   1217,0 used,    695,1 buff/cache
MiB Swap:   2048,0 total,   1513,4 free,    534,6 used.    596,9 avail Mem 
   7738 vboxuser  20   0  340164 333056   3200 R 100,0  16,5   0:03.92 bash
   7737 vboxuser  20   0  368544 361600   3200 R  93,8  17,9   0:04.07 bash
   7738 vboxuser  20   0  353892 346880   3200 R  93,8  17,2   0:04.08 bash
   7782 vboxuser  20   0   13404   4096   3328 R   6,2   0,2   0:00.01 top
      1 root      20   0  166932   6864   4560 S   0,0   0,3   0:02.13 systemd
      2 root      20   0       0      0      0 S   0,0   0,0   0:00.01 kthreadd
------
MiB Mem :   1967,6 total,     84,4 free,   1361,9 used,    521,3 buff/cache
MiB Swap:   2048,0 total,   1513,4 free,    534,6 used.    452,3 avail Mem 
   7738 vboxuser  20   0  417648 410624   3200 R  93,8  20,4   0:04.91 bash
   7738 vboxuser  20   0  430848 423936   3200 R 100,0  21,0   0:05.08 bash
   7737 vboxuser  20   0  451968 445056   3200 R  93,8  22,1   0:05.07 bash
   7797 vboxuser  20   0   13404   4096   3328 R   6,2   0,2   0:00.01 top
      1 root      20   0  166932   6864   4560 S   0,0   0,3   0:02.13 systemd
      2 root      20   0       0      0      0 S   0,0   0,0   0:00.01 kthreadd
------
MiB Mem :   1967,6 total,    113,9 free,   1519,6 used,    334,1 buff/cache
MiB Swap:   2048,0 total,   1513,4 free,    534,6 used.    294,6 avail Mem 
   7738 vboxuser  20   0  498696 491776   3200 R 100,0  24,4   0:05.92 bash
   7737 vboxuser  20   0  539748 532864   3200 R 100,0  26,4   0:06.08 bash
   7738 vboxuser  20   0  513216 506112   3200 R 100,0  25,1   0:06.09 bash
     63 root      20   0       0      0      0 S   6,2   0,0   1:12.05 kswapd0
   7812 vboxuser  20   0   13404   4096   3328 R   6,2   0,2   0:00.01 top
      1 root      20   0  166932   6864   4560 S   0,0   0,3   0:02.13 systemd
------
MiB Mem :   1967,6 total,     66,8 free,   1673,7 used,    227,1 buff/cache
MiB Swap:   2048,0 total,   1504,2 free,    543,8 used.    140,7 avail Mem 
   7738 vboxuser  20   0  581460 571520   3200 R 100,0  28,4   0:06.99 bash
     63 root      20   0       0      0      0 R 100,0   0,0   1:12.48 kswapd0
   7737 vboxuser  20   0  616572 602240   3072 R 100,0  29,9   0:07.17 bash
   7738 vboxuser  20   0  589776 576000   3200 R  93,8  28,6   0:07.17 bash
      1 root      20   0  166932   6864   4560 S   0,0   0,3   0:02.13 systemd
      2 root      20   0       0      0      0 S   0,0   0,0   0:00.01 kthreadd
------
MiB Mem :   1967,6 total,     64,8 free,   1687,2 used,    215,6 buff/cache
MiB Swap:   2048,0 total,   1450,1 free,    597,9 used.    114,8 avail Mem 
   7738 vboxuser  20   0  622512 584192   3200 R  87,5  29,0   0:08.08 bash
     63 root      20   0       0      0      0 R  94,1   0,0   1:13.53 kswapd0
   7738 vboxuser  20   0  629244 584832   3200 R  94,1  29,0   0:08.27 bash
   7737 vboxuser  20   0  651816 605184   3072 R  88,2  30,0   0:08.24 bash
   2876 vboxuser  20   0 4638780 126340  59148 R  17,6   6,3   0:46.89 gnome-s+
   3190 vboxuser  20   0  268688  12916   8412 R  11,8   0,6   0:17.33 Xwayland
------
MiB Mem :   1967,6 total,     68,9 free,   1691,6 used,    207,1 buff/cache
MiB Swap:   2048,0 total,   1380,6 free,    667,4 used.    104,9 avail Mem 
   7738 vboxuser  20   0  662508 595712   3200 R  86,7  29,6   0:09.08 bash
     63 root      20   0       0      0      0 R 100,0   0,0   1:14.57 kswapd0
   7737 vboxuser  20   0  684552 609664   3072 R  88,2  30,3   0:09.19 bash
   7738 vboxuser  20   0  668580 596480   3200 R  88,2  29,6   0:09.26 bash
     62 root       0 -20       0      0      0 I   5,9   0,0   0:02.51 kworker+
      1 root      20   0  166932   6864   4560 S   0,0   0,3   0:02.13 systemd
------
MiB Mem :   1967,6 total,     69,5 free,   1698,1 used,    199,9 buff/cache
MiB Swap:   2048,0 total,   1322,1 free,    725,9 used.     98,4 avail Mem 
   7738 vboxuser  20   0  697224 602496   3200 R  93,3  29,9   0:10.08 bash
     63 root      20   0       0      0      0 R  88,2   0,0   1:15.56 kswapd0
   7737 vboxuser  20   0  716100 612608   3072 R  88,2  30,4   0:10.21 bash
   7738 vboxuser  20   0  703824 603904   3200 R  88,2  30,0   0:10.25 bash
   7872 vboxuser  20   0   13404   4096   3328 R   5,9   0,2   0:00.01 top
   7874 vboxuser  20   0    8732   2048   2048 S   5,9   0,1   0:00.01 tail
------
MiB Mem :   1967,6 total,     71,5 free,   1704,8 used,    191,3 buff/cache
MiB Swap:   2048,0 total,   1257,7 free,    790,3 used.     91,7 avail Mem 
   7738 vboxuser  20   0  734712 606848   3200 R 100,0  30,1   0:11.15 bash
     63 root      20   0       0      0      0 R 100,0   0,0   1:16.65 kswapd0
   7737 vboxuser  20   0  752928 614272   3072 R 100,0  30,5   0:11.30 bash
   7738 vboxuser  20   0  741048 606848   3200 R  93,8  30,1   0:11.33 bash
   7887 vboxuser  20   0   13404   4096   3328 R   6,2   0,2   0:00.02 top
      1 root      20   0  166932   6864   4560 S   0,0   0,3   0:02.13 systemd
------
MiB Mem :   1967,6 total,     70,2 free,   1705,2 used,    192,2 buff/cache
MiB Swap:   2048,0 total,   1184,6 free,    863,4 used.     91,3 avail Mem 
   7738 vboxuser  20   0  774708 609920   3200 R 100,0  30,3   0:12.25 bash
   7737 vboxuser  20   0  788172 609664   3072 R 100,0  30,3   0:12.37 bash
     63 root      20   0       0      0      0 R  93,8   0,0   1:17.72 kswapd0
   7738 vboxuser  20   0  780516 609920   3200 R  93,8  30,3   0:12.41 bash
     76 root       0 -20       0      0      0 I   6,2   0,0   0:01.76 kworker+
   7902 vboxuser  20   0   13404   4096   3328 R   6,2   0,2   0:00.01 top
------
MiB Mem :   1967,6 total,     70,5 free,   1735,8 used,    161,3 buff/cache
MiB Swap:   2048,0 total,   1131,1 free,    916,9 used.     73,0 avail Mem 
   7738 vboxuser  20   0  818928 631424   3200 R 100,0  31,3   0:13.25 bash
     63 root      20   0       0      0      0 R 100,0   0,0   1:18.71 kswapd0
   7737 vboxuser  20   0  830280 630016   3072 R 100,0  31,3   0:13.39 bash
   7738 vboxuser  20   0  826188 635136   3200 R 100,0  31,5   0:13.44 bash
   3190 vboxuser  20   0  268688  10228   6492 S   6,2   0,5   0:17.37 Xwayland
      1 root      20   0  166932   6864   4560 S   0,0   0,3   0:02.13 systemd
------
MiB Mem :   1967,6 total,     69,4 free,   1753,5 used,    144,7 buff/cache
MiB Swap:   2048,0 total,   1074,1 free,    973,9 used.     63,5 avail Mem 
   7738 vboxuser  20   0  857736 638592   3200 R 100,0  31,7   0:14.28 bash
   7738 vboxuser  20   0  863544 639232   3200 R 100,0  31,7   0:14.45 bash
   7737 vboxuser  20   0  869616 635264   3072 R  93,8  31,5   0:14.39 bash
     63 root      20   0       0      0      0 R  87,5   0,0   1:19.71 kswapd0
     72 root      20   0       0      0      0 I   6,2   0,0   0:05.08 kworker+
   7932 vboxuser  20   0   13404   4096   3328 R   6,2   0,2   0:00.01 top
------
MiB Mem :   1967,6 total,     72,1 free,   1757,9 used,    137,6 buff/cache
MiB Swap:   2048,0 total,   1004,6 free,   1043,4 used.     62,6 avail Mem 
   7738 vboxuser  20   0  896676 643200   3200 R  87,5  31,9   0:15.29 bash
     63 root      20   0       0      0      0 R 100,0   0,0   1:20.75 kswapd0
   7737 vboxuser  20   0  909084 637696   3072 R 100,0  31,7   0:15.42 bash
   7738 vboxuser  20   0  903276 643456   3200 R 100,0  31,9   0:15.47 bash
   7947 vboxuser  20   0   13404   4096   3328 R  12,5   0,2   0:00.03 top
     62 root       0 -20       0      0      0 I   6,2   0,0   0:02.56 kworker+
------
MiB Mem :   1967,6 total,     69,9 free,   1759,8 used,    137,9 buff/cache
MiB Swap:   2048,0 total,    932,9 free,   1115,1 used.     60,6 avail Mem 
   7738 vboxuser  20   0  933636 639744   3200 R 100,0  31,8   0:16.34 bash
     63 root      20   0       0      0      0 R 100,0   0,0   1:21.80 kswapd0
   7738 vboxuser  20   0  940500 642560   3200 R 100,0  31,9   0:16.50 bash
   7737 vboxuser  20   0  945648 634624   3072 R 100,0  31,5   0:16.42 bash
   7962 vboxuser  20   0   13404   4096   3328 R   6,7   0,2   0:00.01 top
      1 root      20   0  166932   6864   4560 S   0,0   0,3   0:02.13 systemd
------
MiB Mem :   1967,6 total,     68,8 free,   1759,3 used,    139,6 buff/cache
MiB Swap:   2048,0 total,    857,6 free,   1190,4 used.     60,3 avail Mem 
   7738 vboxuser  20   0  976404 652416   3200 R  93,3  32,4   0:17.35 bash
   7737 vboxuser  20   0  995016 659328   3072 R 100,0  32,7   0:17.46 bash
   7738 vboxuser  20   0  988020 663808   3200 R 100,0  32,9   0:17.53 bash
     63 root      20   0       0      0      0 R  73,3   0,0   1:22.69 kswapd0
     62 root       0 -20       0      0      0 I  20,0   0,0   0:02.66 kworker+
   5509 root       0 -20       0      0      0 I   6,7   0,0   0:07.16 kworker+
------
MiB Mem :   1967,6 total,     59,1 free,   1832,9 used,     75,6 buff/cache
MiB Swap:   2048,0 total,    789,0 free,   1259,0 used.     22,7 avail Mem 
   7738 vboxuser  20   0 1056792 729088   3200 R  93,8  36,2   0:18.52 bash
   7738 vboxuser  20   0 1061280 728448   3200 R 100,0  36,2   0:18.69 bash
     63 root      20   0       0      0      0 R  93,8   0,0   1:23.30 kswapd0
   7737 vboxuser  20   0 1070256 723712   3072 R  87,5  35,9   0:18.61 bash
   7992 vboxuser  20   0   13404   4096   3328 R   6,2   0,2   0:00.01 top
      1 root      20   0  166932   5328   4560 S   0,0   0,3   0:02.13 systemd
------
MiB Mem :   1967,6 total,     67,9 free,   1814,8 used,     84,9 buff/cache
MiB Swap:   2048,0 total,    712,6 free,   1335,4 used.     36,3 avail Mem 
   7738 vboxuser  20   0 1092036 718080   3200 R  81,2  35,6   0:19.70 bash
     63 root      20   0       0      0      0 R  90,9   0,0   1:24.53 kswapd0
   7737 vboxuser  20   0 1110516 708096   3072 D  63,6  35,1   0:19.75 bash
   7738 vboxuser  20   0 1096392 710400   3200 R  50,0  35,3   0:19.83 bash
   2876 vboxuser  20   0 4638780  25476  19340 D  27,3   1,3   0:47.66 gnome-s+
   5509 root       0 -20       0      0      0 I  18,2   0,0   0:07.39 kworker+
------
MiB Mem :   1967,6 total,     68,4 free,   1804,7 used,     94,4 buff/cache
MiB Swap:   2048,0 total,    623,9 free,   1424,1 used.     41,6 avail Mem 
   7738 vboxuser  20   0 1126488 710272   3200 R  93,3  35,3   0:20.77 bash
   7738 vboxuser  20   0 1128996 706944   3200 R 100,0  35,1   0:20.95 bash
     63 root      20   0       0      0      0 R 100,0   0,0   1:25.69 kswapd0
   7737 vboxuser  20   0 1151172 708608   3072 R  87,5  35,2   0:20.85 bash
   2876 vboxuser  20   0 4638780  34692  22796 D  37,5   1,7   0:48.03 gnome-s+
     62 root       0 -20       0      0      0 I   6,2   0,0   0:02.95 kworker+
------
MiB Mem :   1967,6 total,     68,9 free,   1802,5 used,     96,3 buff/cache
MiB Swap:   2048,0 total,    552,7 free,   1495,3 used.     42,9 avail Mem 
   7738 vboxuser  20   0 1162260 711552   3200 R 100,0  35,3   0:21.84 bash
     63 root      20   0       0      0      0 R  94,4   0,0   1:26.76 kswapd0
   7737 vboxuser  20   0 1186548 704896   3072 R  88,9  35,0   0:21.91 bash
   7738 vboxuser  20   0 1168860 711552   3200 R  88,9  35,3   0:22.03 bash
     62 root       0 -20       0      0      0 I   5,6   0,0   0:02.97 kworker+
   8037 vboxuser  20   0   13404   4096   3328 R   5,6   0,2   0:00.04 top
------
MiB Mem :   1967,6 total,     68,0 free,   1803,1 used,     96,4 buff/cache
MiB Swap:   2048,0 total,    484,0 free,   1564,0 used.     42,2 avail Mem 
   7738 vboxuser  20   0 1196184 710144   3200 R  93,3  35,2   0:22.85 bash
     63 root      20   0       0      0      0 R  88,9   0,0   1:27.78 kswapd0
   7737 vboxuser  20   0 1224564 706816   3072 R  88,9  35,1   0:22.91 bash
   7738 vboxuser  20   0 1202124 709888   3200 R  83,3  35,2   0:23.04 bash
     76 root       0 -20       0      0      0 I   5,6   0,0   0:01.92 kworker+
      1 root      20   0  166932   5328   4560 S   0,0   0,3   0:02.13 systemd
------
MiB Mem :   1967,6 total,     67,5 free,   1803,5 used,     96,5 buff/cache
MiB Swap:   2048,0 total,    413,0 free,   1635,0 used.     41,7 avail Mem 
   7738 vboxuser  20   0 1231560 710784   3200 R 100,0  35,3   0:23.89 bash
     63 root      20   0       0      0      0 R 100,0   0,0   1:28.85 kswapd0
   7738 vboxuser  20   0 1238952 710528   3200 R 100,0  35,3   0:24.11 bash
   7737 vboxuser  20   0 1261260 705664   3072 R 100,0  35,0   0:23.98 bash
   8067 vboxuser  20   0   13404   3968   3328 R  17,6   0,2   0:00.05 top
     17 root      20   0       0      0      0 I   5,9   0,0   0:01.50 rcu_pre+
------
MiB Mem :   1967,6 total,     67,8 free,   1803,2 used,     96,5 buff/cache
MiB Swap:   2048,0 total,    346,1 free,   1701,9 used.     42,0 avail Mem 
   7738 vboxuser  20   0 1264032 707968   3200 R  86,7  35,1   0:24.93 bash
     63 root      20   0       0      0      0 R  93,8   0,0   1:29.82 kswapd0
   7737 vboxuser  20   0 1293336 704128   3072 R  87,5  34,9   0:24.94 bash
   7738 vboxuser  20   0 1269972 709120   3200 R  68,8  35,2   0:25.06 bash
     62 root       0 -20       0      0      0 I   6,2   0,0   0:03.02 kworker+
    139 root       0 -20       0      0      0 I   6,2   0,0   0:02.17 kworker+
------
MiB Mem :   1967,6 total,     71,3 free,   1795,7 used,    100,6 buff/cache
MiB Swap:   2048,0 total,    283,2 free,   1764,8 used.     47,6 avail Mem 
   7738 vboxuser  20   0 1292412 703488   3200 R  93,3  34,9   0:25.71 bash
   7737 vboxuser  20   0 1325148 705024   3072 D  87,5  35,0   0:25.76 bash
   7738 vboxuser  20   0 1293996 701056   3200 D  87,5  34,8   0:25.87 bash
     63 root      20   0       0      0      0 R  81,2   0,0   1:30.66 kswapd0
   3354 vboxuser  20   0 2860764   7632   6048 S  25,0   0,4   0:05.97 gjs
    139 root       0 -20       0      0      0 I  12,5   0,0   0:02.24 kworker+
------
MiB Mem :   1967,6 total,     68,8 free,   1799,4 used,     99,4 buff/cache
MiB Swap:   2048,0 total,    225,2 free,   1822,8 used.     44,4 avail Mem 
   7738 vboxuser  20   0 1319472 696448   2944 R  66,7  34,6   0:26.75 bash
   7738 vboxuser  20   0 1325412 695296   2944 R 100,0  34,5   0:26.96 bash
     63 root      20   0       0      0      0 R  94,1   0,0   1:31.74 kswapd0
   7737 vboxuser  20   0 1362108 712192   2944 R  94,1  35,3   0:26.79 bash
   8113 vboxuser  20   0   13404   4096   3328 R  17,6   0,2   0:00.03 top
     62 root       0 -20       0      0      0 I  11,8   0,0   0:03.15 kworker+
------
MiB Mem :   1967,6 total,     67,4 free,   1800,6 used,     99,5 buff/cache
MiB Swap:   2048,0 total,    159,1 free,   1888,9 used.     43,2 avail Mem 
   7738 vboxuser  20   0 1354188 692864   2944 R  86,7  34,4   0:27.86 bash
     63 root      20   0       0      0      0 R 100,0   0,0   1:32.80 kswapd0
   7737 vboxuser  20   0 1395504 713600   2944 R 100,0  35,4   0:27.85 bash
   7738 vboxuser  20   0 1359732 693632   2944 R 100,0  34,4   0:28.03 bash
     62 root       0 -20       0      0      0 I   6,2   0,0   0:03.19 kworker+
      1 root      20   0  166932   5456   4560 S   0,0   0,3   0:02.13 systemd
------
MiB Mem :   1967,6 total,     67,0 free,   1800,9 used,     99,7 buff/cache
MiB Swap:   2048,0 total,    109,9 free,   1938,1 used.     42,8 avail Mem 
   7738 vboxuser  20   0 1379004 687872   2944 R  66,7  34,1   0:28.77 bash
     63 root      20   0       0      0      0 R 100,0   0,0   1:33.74 kswapd0
   7737 vboxuser  20   0 1417152 710400   2944 R 100,0  35,3   0:28.74 bash
   7738 vboxuser  20   0 1379928 686720   2944 R 100,0  34,1   0:28.94 bash
     76 root       0 -20       0      0      0 I  12,5   0,0   0:02.12 kworker+
   2876 vboxuser  20   0 4638796  47876  27020 D  12,5   2,4   0:48.67 gnome-s+
------
MiB Mem :   1967,6 total,     68,6 free,   1800,5 used,     98,4 buff/cache
MiB Swap:   2048,0 total,     61,3 free,   1986,7 used.     43,8 avail Mem 
   7738 vboxuser  20   0 1407120 690176   2944 R  81,2  34,3   0:29.91 bash
   7737 vboxuser  20   0 1443816 708992   2944 D  94,1  35,2   0:29.85 bash
   7738 vboxuser  20   0 1412796 689792   2944 D  94,1  34,2   0:30.08 bash
     63 root      20   0       0      0      0 R  64,7   0,0   1:34.82 kswapd0
     62 root       0 -20       0      0      0 I  17,6   0,0   0:03.37 kworker+
   2876 vboxuser  20   0 4638796  53124  27404 R  17,6   2,6   0:48.97 gnome-s+
------
MiB Mem :   1967,6 total,     69,1 free,   1798,7 used,     99,8 buff/cache
MiB Swap:   2048,0 total,      9,7 free,   2038,3 used.     44,9 avail Mem 
   7738 vboxuser  20   0 1430880 684160   2944 R  66,7  34,0   0:30.88 bash
   7737 vboxuser  20   0 1477872 716928   2688 R 100,0  35,6   0:30.90 bash
   7738 vboxuser  20   0 1440516 690304   2816 R 100,0  34,3   0:31.06 bash
     63 root      20   0       0      0      0 D  47,1   0,0   1:35.76 kswapd0
   5509 root       0 -20       0      0      0 I  47,1   0,0   0:08.68 kworker+
   2876 vboxuser  20   0 4638796  50820  19468 D  29,4   2,5   0:49.31 gnome-s+
------
MiB Mem :   1967,6 total,    600,0 free,   1267,4 used,    100,1 buff/cache
MiB Swap:   2048,0 total,    726,6 free,   1321,4 used.    576,0 avail Mem 
   7738 vboxuser  20   0 1656204 896256   1792 R 100,0  44,5   0:38.56 bash
   7738 vboxuser  20   0 1745832 985856   1792 R 100,0  48,9   0:39.56 bash
   1770 root      20   0  284092    640    512 S   1,0   0,0   0:03.20 VBoxDRM+
   8191 vboxuser  20   0   13404   4096   3328 R   1,0   0,2   0:00.01 top
      1 root      20   0  166932   3536   3024 S   0,0   0,2   0:02.56 systemd
      2 root      20   0       0      0      0 S   0,0   0,0   0:00.01 kthreadd
------
MiB Mem :   1967,6 total,     80,0 free,   1786,3 used,    101,3 buff/cache
MiB Swap:   2048,0 total,    726,6 free,   1321,4 used.     56,6 avail Mem 
   7738 vboxuser  20   0 2120976   1,3g   1792 R 100,0  67,6   0:43.71 bash
   7738 vboxuser  20   0 2126256   1,3g   1792 R  93,8  67,5   0:43.89 bash
     63 root      20   0       0      0      0 R  81,2   0,0   2:06.72 kswapd0
   8154 root       0 -20       0      0      0 I  12,5   0,0   0:00.46 kworker+
   8206 vboxuser  20   0   13404   4096   3328 R   6,2   0,2   0:00.02 top
      1 root      20   0  166932   3536   3024 S   0,0   0,2   0:02.56 systemd
------
MiB Mem :   1967,6 total,     95,3 free,   1770,9 used,    101,4 buff/cache
MiB Swap:   2048,0 total,    694,8 free,   1353,2 used.     72,0 avail Mem 
   7738 vboxuser  20   0 2149884   1,3g   1792 R 100,0  67,1   0:44.73 bash
   7738 vboxuser  20   0 2153844   1,3g   1792 R 100,0  66,9   0:44.91 bash
     63 root      20   0       0      0      0 R  87,5   0,0   2:07.57 kswapd0
     17 root      20   0       0      0      0 I   6,2   0,0   0:01.69 rcu_pre+
     76 root       0 -20       0      0      0 I   6,2   0,0   0:02.56 kworker+
   8221 vboxuser  20   0   13404   4096   3328 R   6,2   0,2   0:00.01 top
------
MiB Mem :   1967,6 total,     59,8 free,   1806,4 used,    101,4 buff/cache
MiB Swap:   2048,0 total,    659,9 free,   1388,1 used.     36,5 avail Mem 
   7738 vboxuser  20   0 2219976   1,3g   1792 R 100,0  68,8   0:46.15 bash
   7738 vboxuser  20   0 2223408   1,3g   1792 R 100,0  68,6   0:46.32 bash
     63 root      20   0       0      0      0 R  87,5   0,0   2:08.36 kswapd0
     76 root       0 -20       0      0      0 I   6,2   0,0   0:02.62 kworker+
   8236 vboxuser  20   0   13404   4096   3328 R   6,2   0,2   0:00.01 top
      1 root      20   0  166932   3536   3024 S   0,0   0,2   0:02.56 systemd
------
MiB Mem :   1967,6 total,     69,4 free,   1799,9 used,     98,3 buff/cache
MiB Swap:   2048,0 total,    622,8 free,   1425,2 used.     44,6 avail Mem 
   7738 vboxuser  20   0 2256012   1,3g   1792 R 100,0  68,8   0:47.20 bash
   7738 vboxuser  20   0 2259444   1,3g   1792 R 100,0  68,6   0:47.37 bash
     63 root      20   0       0      0      0 R  87,5   0,0   2:09.13 kswapd0
     76 root       0 -20       0      0      0 I  12,5   0,0   0:02.71 kworker+
   8251 vboxuser  20   0   13404   4096   3328 R   6,2   0,2   0:00.01 top
      1 root      20   0  166932   3536   3024 S   0,0   0,2   0:02.56 systemd
------
MiB Mem :   1967,6 total,     85,8 free,   1783,5 used,     98,3 buff/cache
MiB Swap:   2048,0 total,    582,8 free,   1465,2 used.     60,9 avail Mem 
   7738 vboxuser  20   0 2277660   1,3g   1792 R 100,0  67,8   0:48.19 bash
   7738 vboxuser  20   0 2301552   1,3g   1792 R 100,0  68,8   0:48.55 bash
     63 root      20   0       0      0      0 S  34,3   0,0   2:09.99 kswapd0
   8266 vboxuser  20   0   13404   4096   3328 R   2,9   0,2   0:00.01 top
      1 root      20   0  166932   3536   3024 S   0,0   0,2   0:02.56 systemd
      2 root      20   0       0      0      0 S   0,0   0,0   0:00.01 kthreadd
------
MiB Mem :   1967,6 total,     80,2 free,   1793,7 used,     93,7 buff/cache
MiB Swap:   2048,0 total,    545,9 free,   1502,1 used.     53,1 avail Mem 
   7738 vboxuser  20   0 2329932   1,3g   1792 R 100,0  68,7   0:49.39 bash
   7738 vboxuser  20   0 2333892   1,3g   1792 R 100,0  68,6   0:49.56 bash
     63 root      20   0       0      0      0 R  87,5   0,0   2:10.79 kswapd0
     62 root       0 -20       0      0      0 I   6,2   0,0   0:03.80 kworker+
   8281 vboxuser  20   0   13404   4096   3328 R   6,2   0,2   0:00.01 top
      1 root      20   0  166932   3536   3024 S   0,0   0,2   0:02.56 systemd
------
MiB Mem :   1967,6 total,    102,6 free,   1771,1 used,     93,8 buff/cache
MiB Swap:   2048,0 total,    503,3 free,   1544,7 used.     75,6 avail Mem 
   7738 vboxuser  20   0 2368212   1,3g   1792 R 100,0  68,8   0:50.47 bash
   7738 vboxuser  20   0 2382864   1,3g   1792 R 100,0  69,5   0:50.64 bash
   8296 vboxuser  20   0   13404   4096   3328 R   6,2   0,2   0:00.01 top
      1 root      20   0  166932   3536   3024 S   0,0   0,2   0:02.56 systemd
      2 root      20   0       0      0      0 S   0,0   0,0   0:00.01 kthreadd
      3 root      20   0       0      0      0 S   0,0   0,0   0:00.00 pool_wo+
------
MiB Mem :   1967,6 total,     81,4 free,   1797,7 used,     88,5 buff/cache
MiB Swap:   2048,0 total,    475,7 free,   1572,3 used.     51,7 avail Mem 
   7738 vboxuser  20   0 2406360   1,3g   1792 R 100,0  69,1   0:51.47 bash
   7738 vboxuser  20   0 2410320   1,3g   1792 R  93,8  68,9   0:51.64 bash
     63 root      20   0       0      0      0 R  81,2   0,0   2:12.25 kswapd0
     62 root       0 -20       0      0      0 I  12,5   0,0   0:03.91 kworker+
    612 message+  20   0   11152   2944   1664 S   6,2   0,1   0:05.80 dbus-da+
      1 root      20   0  166932   3408   3024 S   0,0   0,2   0:02.56 systemd
------
MiB Mem :   1967,6 total,     75,8 free,   1803,3 used,     88,5 buff/cache
MiB Swap:   2048,0 total,    442,3 free,   1605,7 used.     46,1 avail Mem 
   7738 vboxuser  20   0 2454804   1,3g   1792 R 100,0  70,0   0:52.53 bash
   7738 vboxuser  20   0 2460480   1,3g   1792 R 100,0  70,0   0:52.70 bash
     63 root      20   0       0      0      0 R  75,0   0,0   2:12.83 kswapd0
     62 root       0 -20       0      0      0 I  25,0   0,0   0:04.00 kworker+
   2876 vboxuser  20   0 4638796  47620  16524 S   6,2   2,4   0:56.34 gnome-s+
   7730 vboxuser  20   0   13536   2304   1664 S   6,2   0,1   0:04.40 top
------
MiB Mem :   1967,6 total,     69,9 free,   1814,5 used,     83,2 buff/cache
MiB Swap:   2048,0 total,    407,4 free,   1640,6 used.     37,5 avail Mem 
   7738 vboxuser  20   0 2488068   1,3g   1792 R  87,5  69,9   0:53.53 bash
   7738 vboxuser  20   0 2498364   1,3g   1792 R 100,0  70,2   0:53.71 bash
     63 root      20   0       0      0      0 R  37,5   0,0   2:13.51 kswapd0
     62 root       0 -20       0      0      0 I  12,5   0,0   0:04.12 kworker+
   8341 vboxuser  20   0   13404   3968   3328 R   6,2   0,2   0:00.01 top
      1 root      20   0  166932   3408   3024 S   0,0   0,2   0:02.56 systemd
------
MiB Mem :   1967,6 total,     66,9 free,   1818,5 used,     82,2 buff/cache
MiB Swap:   2048,0 total,    373,8 free,   1674,2 used.     34,0 avail Mem 
   7738 vboxuser  20   0 2535192   1,4g   1792 R 100,0  70,9   0:54.55 bash
   7738 vboxuser  20   0 2542188   1,4g   1792 R 100,0  71,0   0:54.73 bash
     63 root      20   0       0      0      0 R  87,5   0,0   2:14.21 kswapd0
     62 root       0 -20       0      0      0 I   6,2   0,0   0:04.17 kworker+
   8093 root       0 -20       0      0      0 I   6,2   0,0   0:00.38 kworker+
      1 root      20   0  166932   3408   3024 S   0,0   0,2   0:02.56 systemd
------
MiB Mem :   1967,6 total,     71,9 free,   1825,8 used,     69,9 buff/cache
MiB Swap:   2048,0 total,    321,2 free,   1726,8 used.     32,8 avail Mem 
   7738 vboxuser  20   0 2597892   1,4g   1792 R 100,0  72,7   0:55.76 bash
   7738 vboxuser  20   0 2601456   1,4g   1792 R 100,0  72,5   0:55.93 bash
     63 root      20   0       0      0      0 R 100,0   0,0   2:14.91 kswapd0
   8154 root       0 -20       0      0      0 I   6,7   0,0   0:00.68 kworker+
   8371 vboxuser  20   0   13404   4096   3328 R   6,7   0,2   0:00.01 top
      1 root      20   0  166932   3280   3024 S   0,0   0,2   0:02.56 systemd
------
MiB Mem :   1967,6 total,     89,5 free,   1806,0 used,     72,0 buff/cache
MiB Swap:   2048,0 total,    281,0 free,   1767,0 used.     51,6 avail Mem 
   7738 vboxuser  20   0 2649636   1,4g   1792 R 100,0  73,2   0:57.08 bash
   7738 vboxuser  20   0 2654388   1,4g   1792 R 100,0  73,1   0:57.25 bash
     63 root      20   0       0      0      0 R  80,0   0,0   2:15.78 kswapd0
   8154 root       0 -20       0      0      0 R  13,3   0,0   0:00.77 kworker+
   8386 vboxuser  20   0   13404   4096   3328 R   6,7   0,2   0:00.01 top
      1 root      20   0  166932   3280   3024 S   0,0   0,2   0:02.56 systemd
------
MiB Mem :   1967,6 total,     57,6 free,   1828,8 used,     81,2 buff/cache
MiB Swap:   2048,0 total,    246,4 free,   1801,6 used.     24,2 avail Mem 
   7738 vboxuser  20   0 2680128   1,4g   1792 R  93,3  73,0   0:58.07 bash
   7738 vboxuser  20   0 2685672   1,4g   1792 R  87,5  73,0   0:58.24 bash
     63 root      20   0       0      0      0 R  62,5   0,0   2:16.57 kswapd0
    630 root      20   0 1469012   9424   3456 S  37,5   0,5   0:06.78 snapd
     76 root       0 -20       0      0      0 I  18,8   0,0   0:02.98 kworker+
   8093 root       0 -20       0      0      0 I  18,8   0,0   0:00.57 kworker+
------
MiB Mem :   1967,6 total,     63,9 free,   1819,2 used,     84,5 buff/cache
MiB Swap:   2048,0 total,    219,8 free,   1828,2 used.     32,2 avail Mem 
   7738 vboxuser  20   0 2697156   1,4g   1792 R  93,3  72,2   0:59.07 bash
   7738 vboxuser  20   0 2697948   1,4g   1792 R  93,8  71,9   0:59.24 bash
     63 root      20   0       0      0      0 R  87,5   0,0   2:17.44 kswapd0
     30 root      20   0       0      0      0 S   6,2   0,0   0:07.40 ksoftir+
     76 root       0 -20       0      0      0 I   6,2   0,0   0:03.07 kworker+
   2876 vboxuser  20   0 4638796  27908  19468 D   6,2   1,4   0:56.42 gnome-s+
------
MiB Mem :   1967,6 total,     74,8 free,   1808,0 used,     84,8 buff/cache
MiB Swap:   2048,0 total,    186,5 free,   1861,5 used.     43,2 avail Mem 
   7738 vboxuser  20   0 2716692   1,4g   1792 R 100,0  71,2   1:00.10 bash
   7738 vboxuser  20   0 2719860   1,4g   1792 R 100,0  71,0   1:00.27 bash
     63 root      20   0       0      0      0 R  93,8   0,0   2:18.38 kswapd0
     76 root       0 -20       0      0      0 I   6,2   0,0   0:03.13 kworker+
   8431 vboxuser  20   0   13404   4096   3328 R   6,2   0,2   0:00.01 top
      1 root      20   0  166932   3280   3024 S   0,0   0,2   0:02.56 systemd
------
MiB Mem :   1967,6 total,     67,9 free,   1815,0 used,     84,7 buff/cache
MiB Swap:   2048,0 total,    148,0 free,   1900,0 used.     36,3 avail Mem 
   7738 vboxuser  20   0 2759328   1,4g   1792 R 100,0  71,4   1:01.28 bash
   7738 vboxuser  20   0 2762892   1,4g   1792 R 100,0  71,2   1:01.46 bash
     63 root      20   0       0      0      0 R  93,8   0,0   2:19.24 kswapd0
     76 root       0 -20       0      0      0 I   6,2   0,0   0:03.18 kworker+
   3423 vboxuser  20   0  219188    540    384 S   6,2   0,0   0:11.37 VBoxCli+
      1 root      20   0  166932   3280   3024 S   0,0   0,2   0:02.56 systemd
------
MiB Mem :   1967,6 total,     89,3 free,   1793,6 used,     84,7 buff/cache
MiB Swap:   2048,0 total,    107,2 free,   1940,8 used.     57,7 avail Mem 
   7738 vboxuser  20   0 2782164   1,4g   1792 R 100,0  70,4   1:02.29 bash
   7738 vboxuser  20   0 2786124   1,3g   1792 R  93,8  70,2   1:02.45 bash
     63 root      20   0       0      0      0 R  81,2   0,0   2:20.15 kswapd0
     62 root       0 -20       0      0      0 I  12,5   0,0   0:04.28 kworker+
    249 root      20   0       0      0      0 I   6,2   0,0   0:00.60 kworker+
   8461 vboxuser  20   0   13404   4096   3328 R   6,2   0,2   0:00.01 top
------
MiB Mem :   1967,6 total,     66,8 free,   1813,1 used,     87,7 buff/cache
MiB Swap:   2048,0 total,     79,9 free,   1968,1 used.     36,6 avail Mem 
   7738 vboxuser  20   0 2823612   1,4g   1792 R 100,0  71,0   1:03.32 bash
   7738 vboxuser  20   0 2827836   1,4g   1792 R 100,0  70,8   1:03.49 bash
     63 root      20   0       0      0      0 R  93,8   0,0   2:20.79 kswapd0
     76 root       0 -20       0      0      0 I  12,5   0,0   0:03.26 kworker+
     30 root      20   0       0      0      0 S   6,2   0,0   0:07.41 ksoftir+
   8476 vboxuser  20   0   13404   4096   3328 R   6,2   0,2   0:00.02 top
------
MiB Mem :   1967,6 total,     74,5 free,   1808,8 used,     84,3 buff/cache
MiB Swap:   2048,0 total,     43,5 free,   2004,5 used.     42,7 avail Mem 
   7738 vboxuser  20   0 2862420   1,4g   1792 R 100,0  71,3   1:04.33 bash
   7738 vboxuser  20   0 2866248   1,4g   1792 R 100,0  71,1   1:04.50 bash
     63 root      20   0       0      0      0 R  87,5   0,0   2:21.51 kswapd0
     17 root      20   0       0      0      0 I   6,2   0,0   0:01.76 rcu_pre+
     76 root       0 -20       0      0      0 I   6,2   0,0   0:03.32 kworker+
    249 root      20   0       0      0      0 I   6,2   0,0   0:00.61 kworker+
------
MiB Mem :   1967,6 total,     95,5 free,   1789,1 used,     83,0 buff/cache
MiB Swap:   2048,0 total,      7,7 free,   2040,3 used.     63,0 avail Mem 
   7738 vboxuser  20   0 2880108   1,3g   1792 R 100,0  70,2   1:05.33 bash
   7738 vboxuser  20   0 2895024   1,4g   1792 R  95,2  70,8   1:05.54 bash
     63 root      20   0       0      0      0 S  90,5   0,0   2:22.45 kswapd0
     62 root       0 -20       0      0      0 I   4,8   0,0   0:04.36 kworker+
   8093 root       0 -20       0      0      0 I   4,8   0,0   0:00.68 kworker+
   8506 vboxuser  20   0   13404   4096   3328 R   4,8   0,2   0:00.01 top
------
MiB Mem :   1967,6 total,     51,6 free,   1880,8 used,     35,2 buff/cache
MiB Swap:   2048,0 total,      0,0 free,   2048,0 used.     13,5 avail Mem 
    630 root      20   0 1469012  11204   5248 S  36,0   0,6   0:14.91 snapd
   8093 root       0 -20       0      0      0 I  24,0   0,0   0:04.43 kworker+
   2876 vboxuser  20   0 4638796  21124   6284 R  16,0   1,0   1:21.78 gnome-s+
   3038 vboxuser  20   0  717040   3204   2692 D  16,0   0,2   0:00.25 gsd-med+
     62 root       0 -20       0      0      0 I  12,0   0,0   0:05.50 kworker+
